1740479698: Sending PUBLISH to auto-8D848444-2C0A-14E4-C3B0-5A738106CA9A (d0, q0, r0, m0, '$SYS/broker/uptime', ... (12 bytes))
1740479698: Sending PUBLISH to auto-8D848444-2C0A-14E4-C3B0-5A738106CA9A (d0, q0, r0, m0, '$SYS/broker/load/messages/received/1min', ... (4 bytes))
1740479698: Sending PUBLISH to auto-8D848444-2C0A-14E4-C3B0-5A738106CA9A (d0, q0, r0, m0, '$SYS/broker/load/messages/sent/1min', ... (5 bytes))
1740479698: Sending PUBLISH to auto-8D848444-2C0A-14E4-C3B0-5A738106CA9A (d0, q0, r0, m0, '$SYS/broker/load/publish/sent/1min', ... (5 bytes))
1740479698: Sending PUBLISH to auto-8D848444-2C0A-14E4-C3B0-5A738106CA9A (d0, q0, r0, m0, '$SYS/broker/load/bytes/received/1min', ... (4 bytes))
1740479698: Sending PUBLISH to auto-8D848444-2C0A-14E4-C3B0-5A738106CA9A (d0, q0, r0, m0, '$SYS/broker/load/bytes/sent/1min', ... (6 bytes))
1740479698: Sending PUBLISH to auto-8D848444-2C0A-14E4-C3B0-5A738106CA9A (d0, q0, r0, m0, '$SYS/broker/load/messages/received/5min', ... (4 bytes))
1740479698: Sending PUBLISH to auto-8D848444-2C0A-14E4-C3B0-5A738106CA9A (d0, q0, r0, m0, '$SYS/broker/load/messages/sent/5min', ... (5 bytes))
1740479698: Sending PUBLISH to auto-8D848444-2C0A-14E4-C3B0-5A738106CA9A (d0, q0, r0, m0, '$SYS/broker/load/publish/sent/5min', ... (5 bytes))
1740479698: Sending PUBLISH to auto-8D848444-2C0A-14E4-C3B0-5A738106CA9A (d0, q0, r0, m0, '$SYS/broker/load/bytes/received/5min', ... (4 bytes))
1740479698: Sending PUBLISH to auto-8D848444-2C0A-14E4-C3B0-5A738106CA9A (d0, q0, r0, m0, '$SYS/broker/load/messages/sent/15min', ... (5 bytes))
1740479698: Sending PUBLISH to auto-8D848444-2C0A-14E4-C3B0-5A738106CA9A (d0, q0, r0, m0, '$SYS/broker/load/publish/sent/15min', ... (5 bytes))
1740479698: Sending PUBLISH to auto-8D848444-2C0A-14E4-C3B0-5A738106CA9A (d0, q0, r0, m0, '$SYS/broker/load/bytes/received/15min', ... (4 bytes))
1740479698: Sending PUBLISH to auto-8D848444-2C0A-14E4-C3B0-5A738106CA9A (d0, q0, r0, m0, '$SYS/broker/load/bytes/sent/15min', ... (6 bytes))
1740479698: Sending PUBLISH to auto-8D848444-2C0A-14E4-C3B0-5A738106CA9A (d0, q0, r0, m0, '$SYS/broker/messages/sent', ... (4 bytes))
1740479698: Sending PUBLISH to auto-8D848444-2C0A-14E4-C3B0-5A738106CA9A (d0, q0, r0, m0, '$SYS/broker/publish/messages/sent', ... (4 bytes))
1740479698: Sending PUBLISH to auto-8D848444-2C0A-14E4-C3B0-5A738106CA9A (d0, q0, r0, m0, '$SYS/broker/bytes/sent', ... (5 bytes))
1740479698: Sending PUBLISH to auto-8D848444-2C0A-14E4-C3B0-5A738106CA9A (d0, q0, r0, m0, '$SYS/broker/publish/bytes/sent', ... (5 bytes))
1740479702: Client auto-8D848444-2C0A-14E4-C3B0-5A738106CA9A closed its connection.
1740479703: mosquitto version 2.0.20 terminating
1740479703: Saving in-memory database to /var/lib/mosquitto//mosquitto.db.
