1735912173: mosquitto version 2.0.18 starting
1735912173: Config loaded from /etc/mosquitto/mosquitto.conf.
1735912173: Loading plugin: /usr/lib/mosquitto_dynamic_security.so
1735912173: Opening ipv4 listen socket on port 1883.
1735912173: Opening ipv6 listen socket on port 1883.
1735912173: Opening ipv4 listen socket on port 8080.
1735912173: Opening ipv6 listen socket on port 8080.
1735912173: mosquitto version 2.0.18 running
1735912199: New connection from 172.19.0.1:47732 on port 1883.
1735912199: New client connected from 172.19.0.1:47732 as jetestID (p5, c1, k60, u'bunker').
1735912199: No will message specified.
1735912199: Sending CONNACK to jetestID (0, 0)
1735912199: Received SUBSCRIBE from jetestID
1735912199: 	$SYS/broker/log/# (QoS 0)
1735912199: jetestID 0 $SYS/broker/log/#
1735912199: Sending SUBACK to jetestID
1735912259: Received PINGREQ from jetestID
1735912259: Sending PINGRESP to jetestID
1735912262: Received PUBLISH from jetestID (d0, q0, r0, m0, 'test/1255', ... (260 bytes))
1735912263: Received DISCONNECT from jetestID
1735912263: Client jetestID disconnected.
1735912268: New connection from 172.19.0.1:39712 on port 1883.
1735912268: New client connected from 172.19.0.1:39712 as jetestID (p5, c1, k60, u'bunker').
1735912268: No will message specified.
1735912268: Sending CONNACK to jetestID (0, 0)
1735912269: Received SUBSCRIBE from jetestID
1735912269: 	$SYS/broker/log/# (QoS 0)
1735912269: jetestID 0 $SYS/broker/log/#
1735912269: Sending SUBACK to jetestID
1735912329: Received PINGREQ from jetestID
1735912329: Sending PINGRESP to jetestID
